<?xml version="1.0" encoding="UTF-8"?>
<testsuite xmlns:xsi="http://www.w3.org/2001/XMLSchema-instance" xsi:noNamespaceSchemaLocation="https://maven.apache.org/surefire/maven-surefire-plugin/xsd/surefire-test-report-3.0.xsd" version="3.0" name="com.openclassrooms.tourguide.TestTourGuideService" time="0.322" tests="5" errors="0" skipped="1" failures="0">
  <properties>
    <property name="java.specification.version" value="21"/>
    <property name="sun.jnu.encoding" value="UTF-8"/>
    <property name="java.class.path" value="/Users/kara/Documents/Developer/Learning/back-end/Open-c/procject/p-08/JavaPathENProject8/TourGuide/target/test-classes:/Users/kara/Documents/Developer/Learning/back-end/Open-c/procject/p-08/JavaPathENProject8/TourGuide/target/classes:/Library/Java/Maven/repository/org/springframework/boot/spring-boot-starter-actuator/3.1.1/spring-boot-starter-actuator-3.1.1.jar:/Library/Java/Maven/repository/org/springframework/boot/spring-boot-starter/3.1.1/spring-boot-starter-3.1.1.jar:/Library/Java/Maven/repository/org/springframework/boot/spring-boot/3.1.1/spring-boot-3.1.1.jar:/Library/Java/Maven/repository/org/springframework/boot/spring-boot-autoconfigure/3.1.1/spring-boot-autoconfigure-3.1.1.jar:/Library/Java/Maven/repository/org/springframework/boot/spring-boot-starter-logging/3.1.1/spring-boot-starter-logging-3.1.1.jar:/Library/Java/Maven/repository/ch/qos/logback/logback-classic/1.4.8/logback-classic-1.4.8.jar:/Library/Java/Maven/repository/ch/qos/logback/logback-core/1.4.8/logback-core-1.4.8.jar:/Library/Java/Maven/repository/org/apache/logging/log4j/log4j-to-slf4j/2.20.0/log4j-to-slf4j-2.20.0.jar:/Library/Java/Maven/repository/org/apache/logging/log4j/log4j-api/2.20.0/log4j-api-2.20.0.jar:/Library/Java/Maven/repository/org/slf4j/jul-to-slf4j/2.0.7/jul-to-slf4j-2.0.7.jar:/Library/Java/Maven/repository/jakarta/annotation/jakarta.annotation-api/2.1.1/jakarta.annotation-api-2.1.1.jar:/Library/Java/Maven/repository/org/yaml/snakeyaml/1.33/snakeyaml-1.33.jar:/Library/Java/Maven/repository/org/springframework/boot/spring-boot-actuator-autoconfigure/3.1.1/spring-boot-actuator-autoconfigure-3.1.1.jar:/Library/Java/Maven/repository/org/springframework/boot/spring-boot-actuator/3.1.1/spring-boot-actuator-3.1.1.jar:/Library/Java/Maven/repository/com/fasterxml/jackson/core/jackson-databind/2.15.2/jackson-databind-2.15.2.jar:/Library/Java/Maven/repository/com/fasterxml/jackson/core/jackson-annotations/2.15.2/jackson-annotations-2.15.2.jar:/Library/Java/Maven/repository/com/fasterxml/jackson/core/jackson-core/2.15.2/jackson-core-2.15.2.jar:/Library/Java/Maven/repository/com/fasterxml/jackson/datatype/jackson-datatype-jsr310/2.15.2/jackson-datatype-jsr310-2.15.2.jar:/Library/Java/Maven/repository/io/micrometer/micrometer-observation/1.11.1/micrometer-observation-1.11.1.jar:/Library/Java/Maven/repository/io/micrometer/micrometer-commons/1.11.1/micrometer-commons-1.11.1.jar:/Library/Java/Maven/repository/io/micrometer/micrometer-core/1.11.1/micrometer-core-1.11.1.jar:/Library/Java/Maven/repository/org/hdrhistogram/HdrHistogram/2.1.12/HdrHistogram-2.1.12.jar:/Library/Java/Maven/repository/org/latencyutils/LatencyUtils/2.0.3/LatencyUtils-2.0.3.jar:/Library/Java/Maven/repository/org/springframework/boot/spring-boot-starter-validation/3.1.1/spring-boot-starter-validation-3.1.1.jar:/Library/Java/Maven/repository/org/apache/tomcat/embed/tomcat-embed-el/10.1.10/tomcat-embed-el-10.1.10.jar:/Library/Java/Maven/repository/org/hibernate/validator/hibernate-validator/8.0.0.Final/hibernate-validator-8.0.0.Final.jar:/Library/Java/Maven/repository/jakarta/validation/jakarta.validation-api/3.0.2/jakarta.validation-api-3.0.2.jar:/Library/Java/Maven/repository/org/jboss/logging/jboss-logging/3.5.1.Final/jboss-logging-3.5.1.Final.jar:/Library/Java/Maven/repository/com/fasterxml/classmate/1.5.1/classmate-1.5.1.jar:/Library/Java/Maven/repository/org/springframework/boot/spring-boot-starter-web/3.1.1/spring-boot-starter-web-3.1.1.jar:/Library/Java/Maven/repository/org/springframework/boot/spring-boot-starter-json/3.1.1/spring-boot-starter-json-3.1.1.jar:/Library/Java/Maven/repository/com/fasterxml/jackson/datatype/jackson-datatype-jdk8/2.15.2/jackson-datatype-jdk8-2.15.2.jar:/Library/Java/Maven/repository/com/fasterxml/jackson/module/jackson-module-parameter-names/2.15.2/jackson-module-parameter-names-2.15.2.jar:/Library/Java/Maven/repository/org/springframework/boot/spring-boot-starter-tomcat/3.1.1/spring-boot-starter-tomcat-3.1.1.jar:/Library/Java/Maven/repository/org/apache/tomcat/embed/tomcat-embed-core/10.1.10/tomcat-embed-core-10.1.10.jar:/Library/Java/Maven/repository/org/apache/tomcat/embed/tomcat-embed-websocket/10.1.10/tomcat-embed-websocket-10.1.10.jar:/Library/Java/Maven/repository/org/springframework/spring-web/6.0.10/spring-web-6.0.10.jar:/Library/Java/Maven/repository/org/springframework/spring-beans/6.0.10/spring-beans-6.0.10.jar:/Library/Java/Maven/repository/org/springframework/spring-webmvc/6.0.10/spring-webmvc-6.0.10.jar:/Library/Java/Maven/repository/org/springframework/spring-aop/6.0.10/spring-aop-6.0.10.jar:/Library/Java/Maven/repository/org/springframework/spring-context/6.0.10/spring-context-6.0.10.jar:/Library/Java/Maven/repository/org/springframework/spring-expression/6.0.10/spring-expression-6.0.10.jar:/Library/Java/Maven/repository/org/springframework/boot/spring-boot-starter-test/3.1.1/spring-boot-starter-test-3.1.1.jar:/Library/Java/Maven/repository/org/springframework/boot/spring-boot-test/3.1.1/spring-boot-test-3.1.1.jar:/Library/Java/Maven/repository/org/springframework/boot/spring-boot-test-autoconfigure/3.1.1/spring-boot-test-autoconfigure-3.1.1.jar:/Library/Java/Maven/repository/com/jayway/jsonpath/json-path/2.8.0/json-path-2.8.0.jar:/Library/Java/Maven/repository/org/slf4j/slf4j-api/2.0.7/slf4j-api-2.0.7.jar:/Library/Java/Maven/repository/jakarta/xml/bind/jakarta.xml.bind-api/4.0.0/jakarta.xml.bind-api-4.0.0.jar:/Library/Java/Maven/repository/jakarta/activation/jakarta.activation-api/2.1.2/jakarta.activation-api-2.1.2.jar:/Library/Java/Maven/repository/net/minidev/json-smart/2.4.11/json-smart-2.4.11.jar:/Library/Java/Maven/repository/net/minidev/accessors-smart/2.4.11/accessors-smart-2.4.11.jar:/Library/Java/Maven/repository/org/ow2/asm/asm/9.3/asm-9.3.jar:/Library/Java/Maven/repository/org/assertj/assertj-core/3.24.2/assertj-core-3.24.2.jar:/Library/Java/Maven/repository/net/bytebuddy/byte-buddy/1.14.5/byte-buddy-1.14.5.jar:/Library/Java/Maven/repository/org/hamcrest/hamcrest/2.2/hamcrest-2.2.jar:/Library/Java/Maven/repository/org/junit/jupiter/junit-jupiter/5.9.3/junit-jupiter-5.9.3.jar:/Library/Java/Maven/repository/org/junit/jupiter/junit-jupiter-params/5.9.3/junit-jupiter-params-5.9.3.jar:/Library/Java/Maven/repository/org/junit/jupiter/junit-jupiter-engine/5.9.3/junit-jupiter-engine-5.9.3.jar:/Library/Java/Maven/repository/org/junit/platform/junit-platform-engine/1.9.3/junit-platform-engine-1.9.3.jar:/Library/Java/Maven/repository/org/mockito/mockito-core/5.3.1/mockito-core-5.3.1.jar:/Library/Java/Maven/repository/net/bytebuddy/byte-buddy-agent/1.14.5/byte-buddy-agent-1.14.5.jar:/Library/Java/Maven/repository/org/objenesis/objenesis/3.3/objenesis-3.3.jar:/Library/Java/Maven/repository/org/mockito/mockito-junit-jupiter/5.3.1/mockito-junit-jupiter-5.3.1.jar:/Library/Java/Maven/repository/org/skyscreamer/jsonassert/1.5.1/jsonassert-1.5.1.jar:/Library/Java/Maven/repository/com/vaadin/external/google/android-json/0.0.20131108.vaadin1/android-json-0.0.20131108.vaadin1.jar:/Library/Java/Maven/repository/org/springframework/spring-core/6.0.10/spring-core-6.0.10.jar:/Library/Java/Maven/repository/org/springframework/spring-jcl/6.0.10/spring-jcl-6.0.10.jar:/Library/Java/Maven/repository/org/springframework/spring-test/6.0.10/spring-test-6.0.10.jar:/Library/Java/Maven/repository/org/xmlunit/xmlunit-core/2.9.1/xmlunit-core-2.9.1.jar:/Library/Java/Maven/repository/org/apache/commons/commons-lang3/3.12.0/commons-lang3-3.12.0.jar:/Library/Java/Maven/repository/org/junit/jupiter/junit-jupiter-api/5.9.3/junit-jupiter-api-5.9.3.jar:/Library/Java/Maven/repository/org/opentest4j/opentest4j/1.2.0/opentest4j-1.2.0.jar:/Library/Java/Maven/repository/org/junit/platform/junit-platform-commons/1.9.3/junit-platform-commons-1.9.3.jar:/Library/Java/Maven/repository/org/apiguardian/apiguardian-api/1.1.2/apiguardian-api-1.1.2.jar:/Library/Java/Maven/repository/gpsUtil/gpsUtil/1.0.0/gpsUtil-1.0.0.jar:/Library/Java/Maven/repository/com/google/code/findbugs/jsr305/1.3.9/jsr305-1.3.9.jar:/Library/Java/Maven/repository/com/google/errorprone/error_prone_annotations/2.0.18/error_prone_annotations-2.0.18.jar:/Library/Java/Maven/repository/com/google/j2objc/j2objc-annotations/1.1/j2objc-annotations-1.1.jar:/Library/Java/Maven/repository/org/codehaus/mojo/animal-sniffer-annotations/1.14/animal-sniffer-annotations-1.14.jar:/Library/Java/Maven/repository/tripPricer/tripPricer/1.0.0/tripPricer-1.0.0.jar:/Library/Java/Maven/repository/rewardCentral/rewardCentral/1.0.0/rewardCentral-1.0.0.jar:"/>
    <property name="java.vm.vendor" value="Oracle Corporation"/>
    <property name="sun.arch.data.model" value="64"/>
    <property name="java.vendor.url" value="https://java.oracle.com/"/>
    <property name="user.timezone" value="Europe/Paris"/>
    <property name="os.name" value="Mac OS X"/>
    <property name="java.vm.specification.version" value="21"/>
    <property name="sun.java.launcher" value="SUN_STANDARD"/>
    <property name="user.country" value="US"/>
    <property name="sun.boot.library.path" value="/Library/Java/JavaVirtualMachines/jdk-21.jdk/Contents/Home/lib"/>
    <property name="sun.java.command" value="/Users/kara/Documents/Developer/Learning/back-end/Open-c/procject/p-08/JavaPathENProject8/TourGuide/target/surefire/surefirebooter-20250604161537410_3.jar /Users/kara/Documents/Developer/Learning/back-end/Open-c/procject/p-08/JavaPathENProject8/TourGuide/target/surefire 2025-06-04T16-15-37_246-jvmRun1 surefire-20250604161537410_1tmp surefire_0-20250604161537410_2tmp"/>
    <property name="http.nonProxyHosts" value="local|*.local|169.254/16|*.169.254/16"/>
    <property name="jdk.debug" value="release"/>
    <property name="surefire.test.class.path" value="/Users/kara/Documents/Developer/Learning/back-end/Open-c/procject/p-08/JavaPathENProject8/TourGuide/target/test-classes:/Users/kara/Documents/Developer/Learning/back-end/Open-c/procject/p-08/JavaPathENProject8/TourGuide/target/classes:/Library/Java/Maven/repository/org/springframework/boot/spring-boot-starter-actuator/3.1.1/spring-boot-starter-actuator-3.1.1.jar:/Library/Java/Maven/repository/org/springframework/boot/spring-boot-starter/3.1.1/spring-boot-starter-3.1.1.jar:/Library/Java/Maven/repository/org/springframework/boot/spring-boot/3.1.1/spring-boot-3.1.1.jar:/Library/Java/Maven/repository/org/springframework/boot/spring-boot-autoconfigure/3.1.1/spring-boot-autoconfigure-3.1.1.jar:/Library/Java/Maven/repository/org/springframework/boot/spring-boot-starter-logging/3.1.1/spring-boot-starter-logging-3.1.1.jar:/Library/Java/Maven/repository/ch/qos/logback/logback-classic/1.4.8/logback-classic-1.4.8.jar:/Library/Java/Maven/repository/ch/qos/logback/logback-core/1.4.8/logback-core-1.4.8.jar:/Library/Java/Maven/repository/org/apache/logging/log4j/log4j-to-slf4j/2.20.0/log4j-to-slf4j-2.20.0.jar:/Library/Java/Maven/repository/org/apache/logging/log4j/log4j-api/2.20.0/log4j-api-2.20.0.jar:/Library/Java/Maven/repository/org/slf4j/jul-to-slf4j/2.0.7/jul-to-slf4j-2.0.7.jar:/Library/Java/Maven/repository/jakarta/annotation/jakarta.annotation-api/2.1.1/jakarta.annotation-api-2.1.1.jar:/Library/Java/Maven/repository/org/yaml/snakeyaml/1.33/snakeyaml-1.33.jar:/Library/Java/Maven/repository/org/springframework/boot/spring-boot-actuator-autoconfigure/3.1.1/spring-boot-actuator-autoconfigure-3.1.1.jar:/Library/Java/Maven/repository/org/springframework/boot/spring-boot-actuator/3.1.1/spring-boot-actuator-3.1.1.jar:/Library/Java/Maven/repository/com/fasterxml/jackson/core/jackson-databind/2.15.2/jackson-databind-2.15.2.jar:/Library/Java/Maven/repository/com/fasterxml/jackson/core/jackson-annotations/2.15.2/jackson-annotations-2.15.2.jar:/Library/Java/Maven/repository/com/fasterxml/jackson/core/jackson-core/2.15.2/jackson-core-2.15.2.jar:/Library/Java/Maven/repository/com/fasterxml/jackson/datatype/jackson-datatype-jsr310/2.15.2/jackson-datatype-jsr310-2.15.2.jar:/Library/Java/Maven/repository/io/micrometer/micrometer-observation/1.11.1/micrometer-observation-1.11.1.jar:/Library/Java/Maven/repository/io/micrometer/micrometer-commons/1.11.1/micrometer-commons-1.11.1.jar:/Library/Java/Maven/repository/io/micrometer/micrometer-core/1.11.1/micrometer-core-1.11.1.jar:/Library/Java/Maven/repository/org/hdrhistogram/HdrHistogram/2.1.12/HdrHistogram-2.1.12.jar:/Library/Java/Maven/repository/org/latencyutils/LatencyUtils/2.0.3/LatencyUtils-2.0.3.jar:/Library/Java/Maven/repository/org/springframework/boot/spring-boot-starter-validation/3.1.1/spring-boot-starter-validation-3.1.1.jar:/Library/Java/Maven/repository/org/apache/tomcat/embed/tomcat-embed-el/10.1.10/tomcat-embed-el-10.1.10.jar:/Library/Java/Maven/repository/org/hibernate/validator/hibernate-validator/8.0.0.Final/hibernate-validator-8.0.0.Final.jar:/Library/Java/Maven/repository/jakarta/validation/jakarta.validation-api/3.0.2/jakarta.validation-api-3.0.2.jar:/Library/Java/Maven/repository/org/jboss/logging/jboss-logging/3.5.1.Final/jboss-logging-3.5.1.Final.jar:/Library/Java/Maven/repository/com/fasterxml/classmate/1.5.1/classmate-1.5.1.jar:/Library/Java/Maven/repository/org/springframework/boot/spring-boot-starter-web/3.1.1/spring-boot-starter-web-3.1.1.jar:/Library/Java/Maven/repository/org/springframework/boot/spring-boot-starter-json/3.1.1/spring-boot-starter-json-3.1.1.jar:/Library/Java/Maven/repository/com/fasterxml/jackson/datatype/jackson-datatype-jdk8/2.15.2/jackson-datatype-jdk8-2.15.2.jar:/Library/Java/Maven/repository/com/fasterxml/jackson/module/jackson-module-parameter-names/2.15.2/jackson-module-parameter-names-2.15.2.jar:/Library/Java/Maven/repository/org/springframework/boot/spring-boot-starter-tomcat/3.1.1/spring-boot-starter-tomcat-3.1.1.jar:/Library/Java/Maven/repository/org/apache/tomcat/embed/tomcat-embed-core/10.1.10/tomcat-embed-core-10.1.10.jar:/Library/Java/Maven/repository/org/apache/tomcat/embed/tomcat-embed-websocket/10.1.10/tomcat-embed-websocket-10.1.10.jar:/Library/Java/Maven/repository/org/springframework/spring-web/6.0.10/spring-web-6.0.10.jar:/Library/Java/Maven/repository/org/springframework/spring-beans/6.0.10/spring-beans-6.0.10.jar:/Library/Java/Maven/repository/org/springframework/spring-webmvc/6.0.10/spring-webmvc-6.0.10.jar:/Library/Java/Maven/repository/org/springframework/spring-aop/6.0.10/spring-aop-6.0.10.jar:/Library/Java/Maven/repository/org/springframework/spring-context/6.0.10/spring-context-6.0.10.jar:/Library/Java/Maven/repository/org/springframework/spring-expression/6.0.10/spring-expression-6.0.10.jar:/Library/Java/Maven/repository/org/springframework/boot/spring-boot-starter-test/3.1.1/spring-boot-starter-test-3.1.1.jar:/Library/Java/Maven/repository/org/springframework/boot/spring-boot-test/3.1.1/spring-boot-test-3.1.1.jar:/Library/Java/Maven/repository/org/springframework/boot/spring-boot-test-autoconfigure/3.1.1/spring-boot-test-autoconfigure-3.1.1.jar:/Library/Java/Maven/repository/com/jayway/jsonpath/json-path/2.8.0/json-path-2.8.0.jar:/Library/Java/Maven/repository/org/slf4j/slf4j-api/2.0.7/slf4j-api-2.0.7.jar:/Library/Java/Maven/repository/jakarta/xml/bind/jakarta.xml.bind-api/4.0.0/jakarta.xml.bind-api-4.0.0.jar:/Library/Java/Maven/repository/jakarta/activation/jakarta.activation-api/2.1.2/jakarta.activation-api-2.1.2.jar:/Library/Java/Maven/repository/net/minidev/json-smart/2.4.11/json-smart-2.4.11.jar:/Library/Java/Maven/repository/net/minidev/accessors-smart/2.4.11/accessors-smart-2.4.11.jar:/Library/Java/Maven/repository/org/ow2/asm/asm/9.3/asm-9.3.jar:/Library/Java/Maven/repository/org/assertj/assertj-core/3.24.2/assertj-core-3.24.2.jar:/Library/Java/Maven/repository/net/bytebuddy/byte-buddy/1.14.5/byte-buddy-1.14.5.jar:/Library/Java/Maven/repository/org/hamcrest/hamcrest/2.2/hamcrest-2.2.jar:/Library/Java/Maven/repository/org/junit/jupiter/junit-jupiter/5.9.3/junit-jupiter-5.9.3.jar:/Library/Java/Maven/repository/org/junit/jupiter/junit-jupiter-params/5.9.3/junit-jupiter-params-5.9.3.jar:/Library/Java/Maven/repository/org/junit/jupiter/junit-jupiter-engine/5.9.3/junit-jupiter-engine-5.9.3.jar:/Library/Java/Maven/repository/org/junit/platform/junit-platform-engine/1.9.3/junit-platform-engine-1.9.3.jar:/Library/Java/Maven/repository/org/mockito/mockito-core/5.3.1/mockito-core-5.3.1.jar:/Library/Java/Maven/repository/net/bytebuddy/byte-buddy-agent/1.14.5/byte-buddy-agent-1.14.5.jar:/Library/Java/Maven/repository/org/objenesis/objenesis/3.3/objenesis-3.3.jar:/Library/Java/Maven/repository/org/mockito/mockito-junit-jupiter/5.3.1/mockito-junit-jupiter-5.3.1.jar:/Library/Java/Maven/repository/org/skyscreamer/jsonassert/1.5.1/jsonassert-1.5.1.jar:/Library/Java/Maven/repository/com/vaadin/external/google/android-json/0.0.20131108.vaadin1/android-json-0.0.20131108.vaadin1.jar:/Library/Java/Maven/repository/org/springframework/spring-core/6.0.10/spring-core-6.0.10.jar:/Library/Java/Maven/repository/org/springframework/spring-jcl/6.0.10/spring-jcl-6.0.10.jar:/Library/Java/Maven/repository/org/springframework/spring-test/6.0.10/spring-test-6.0.10.jar:/Library/Java/Maven/repository/org/xmlunit/xmlunit-core/2.9.1/xmlunit-core-2.9.1.jar:/Library/Java/Maven/repository/org/apache/commons/commons-lang3/3.12.0/commons-lang3-3.12.0.jar:/Library/Java/Maven/repository/org/junit/jupiter/junit-jupiter-api/5.9.3/junit-jupiter-api-5.9.3.jar:/Library/Java/Maven/repository/org/opentest4j/opentest4j/1.2.0/opentest4j-1.2.0.jar:/Library/Java/Maven/repository/org/junit/platform/junit-platform-commons/1.9.3/junit-platform-commons-1.9.3.jar:/Library/Java/Maven/repository/org/apiguardian/apiguardian-api/1.1.2/apiguardian-api-1.1.2.jar:/Library/Java/Maven/repository/gpsUtil/gpsUtil/1.0.0/gpsUtil-1.0.0.jar:/Library/Java/Maven/repository/com/google/code/findbugs/jsr305/1.3.9/jsr305-1.3.9.jar:/Library/Java/Maven/repository/com/google/errorprone/error_prone_annotations/2.0.18/error_prone_annotations-2.0.18.jar:/Library/Java/Maven/repository/com/google/j2objc/j2objc-annotations/1.1/j2objc-annotations-1.1.jar:/Library/Java/Maven/repository/org/codehaus/mojo/animal-sniffer-annotations/1.14/animal-sniffer-annotations-1.14.jar:/Library/Java/Maven/repository/tripPricer/tripPricer/1.0.0/tripPricer-1.0.0.jar:/Library/Java/Maven/repository/rewardCentral/rewardCentral/1.0.0/rewardCentral-1.0.0.jar:"/>
    <property name="sun.cpu.endian" value="little"/>
    <property name="user.home" value="/Users/kara"/>
    <property name="user.language" value="en"/>
    <property name="java.specification.vendor" value="Oracle Corporation"/>
    <property name="java.version.date" value="2024-10-15"/>
    <property name="java.home" value="/Library/Java/JavaVirtualMachines/jdk-21.jdk/Contents/Home"/>
    <property name="file.separator" value="/"/>
    <property name="basedir" value="/Users/kara/Documents/Developer/Learning/back-end/Open-c/procject/p-08/JavaPathENProject8/TourGuide"/>
    <property name="java.vm.compressedOopsMode" value="Zero based"/>
    <property name="line.separator" value="&#10;"/>
    <property name="java.vm.specification.vendor" value="Oracle Corporation"/>
    <property name="java.specification.name" value="Java Platform API Specification"/>
    <property name="apple.awt.application.name" value="ForkedBooter"/>
    <property name="surefire.real.class.path" value="/Users/kara/Documents/Developer/Learning/back-end/Open-c/procject/p-08/JavaPathENProject8/TourGuide/target/surefire/surefirebooter-20250604161537410_3.jar"/>
    <property name="sun.management.compiler" value="HotSpot 64-Bit Tiered Compilers"/>
    <property name="ftp.nonProxyHosts" value="local|*.local|169.254/16|*.169.254/16"/>
    <property name="java.runtime.version" value="21.0.5+9-LTS-239"/>
    <property name="user.name" value="kara"/>
    <property name="stdout.encoding" value="UTF-8"/>
    <property name="path.separator" value=":"/>
    <property name="os.version" value="15.5"/>
    <property name="java.runtime.name" value="Java(TM) SE Runtime Environment"/>
    <property name="file.encoding" value="UTF-8"/>
    <property name="java.vm.name" value="Java HotSpot(TM) 64-Bit Server VM"/>
    <property name="localRepository" value="/Library/Java/Maven/repository"/>
    <property name="java.vendor.url.bug" value="https://bugreport.java.com/bugreport/"/>
    <property name="java.io.tmpdir" value="/var/folders/pw/f76zn6t127d1v319hbnydgs40000gn/T/"/>
    <property name="java.version" value="21.0.5"/>
    <property name="user.dir" value="/Users/kara/Documents/Developer/Learning/back-end/Open-c/procject/p-08/JavaPathENProject8/TourGuide"/>
    <property name="os.arch" value="x86_64"/>
    <property name="java.vm.specification.name" value="Java Virtual Machine Specification"/>
    <property name="native.encoding" value="UTF-8"/>
    <property name="java.library.path" value="/Users/kara/Library/Java/Extensions:/Library/Java/Extensions:/Network/Library/Java/Extensions:/System/Library/Java/Extensions:/usr/lib/java:."/>
    <property name="java.vm.info" value="mixed mode, sharing"/>
    <property name="stderr.encoding" value="UTF-8"/>
    <property name="java.vendor" value="Oracle Corporation"/>
    <property name="java.vm.version" value="21.0.5+9-LTS-239"/>
    <property name="sun.io.unicode.encoding" value="UnicodeBig"/>
    <property name="socksNonProxyHosts" value="local|*.local|169.254/16|*.169.254/16"/>
    <property name="java.class.version" value="65.0"/>
  </properties>
  <testcase name="getUserLocation" classname="com.openclassrooms.tourguide.TestTourGuideService" time="0.222">
    <system-out><![CDATA[16:15:38.150 [main] INFO com.openclassrooms.tourguide.service.TourGuideService -- TestMode enabled
]]></system-out>
  </testcase>
  <testcase name="addUser" classname="com.openclassrooms.tourguide.TestTourGuideService" time="0.003">
    <system-out><![CDATA[16:15:38.284 [main] INFO com.openclassrooms.tourguide.service.TourGuideService -- TestMode enabled
]]></system-out>
  </testcase>
  <testcase name="getAllUsers" classname="com.openclassrooms.tourguide.TestTourGuideService" time="0.002">
    <system-out><![CDATA[16:15:38.288 [main] INFO com.openclassrooms.tourguide.service.TourGuideService -- TestMode enabled
]]></system-out>
  </testcase>
  <testcase name="trackUser" classname="com.openclassrooms.tourguide.TestTourGuideService" time="0.075">
    <system-out><![CDATA[16:15:38.290 [main] INFO com.openclassrooms.tourguide.service.TourGuideService -- TestMode enabled
]]></system-out>
  </testcase>
  <testcase name="getNearbyAttractions" classname="com.openclassrooms.tourguide.TestTourGuideService" time="0">
    <skipped message="public void com.openclassrooms.tourguide.TestTourGuideService.getNearbyAttractions() is @Disabled"/>
  </testcase>
</testsuite>